2026-03-07 15:14:14 - root - INFO: - ###################### Start Training The Whole hubREP Model ######################
2026-03-07 15:36:45 - root - INFO: - Epoch   50 | Total Loss: 9.06571
2026-03-07 15:59:49 - root - INFO: - Epoch  100 | Total Loss: 9.06408
2026-03-07 16:21:48 - root - INFO: - Epoch  150 | Total Loss: 9.06345
2026-03-07 16:43:34 - root - INFO: - Epoch  200 | Total Loss: 9.06312
2026-03-07 17:03:13 - root - INFO: - Epoch  250 | Total Loss: 9.06292
2026-03-07 17:21:55 - root - INFO: - Epoch  300 | Total Loss: 9.06279
2026-03-07 17:22:21 - root - INFO: - ACC:0.40022
2026-03-07 17:22:21 - root - INFO: - NMI:0.38420
2026-03-07 17:22:21 - root - INFO: - ARI:0.27099
2026-03-07 17:22:21 - root - INFO: - Purity:0.48756:
2026-03-07 17:22:21 - root - INFO: - P:0.33842
2026-03-07 17:22:21 - root - INFO: - F1:0.34615
2026-03-07 17:22:27 - root - INFO: - ###################### Start Training The Whole hubREP Model ######################
2026-03-07 17:42:01 - root - INFO: - Epoch   50 | Total Loss: 9.06580
2026-03-07 18:02:27 - root - INFO: - Epoch  100 | Total Loss: 9.06411
2026-03-07 18:23:37 - root - INFO: - Epoch  150 | Total Loss: 9.06348
2026-03-07 18:44:03 - root - INFO: - Epoch  200 | Total Loss: 9.06314
2026-03-07 18:59:39 - root - INFO: - Epoch  250 | Total Loss: 9.06293
2026-03-07 19:13:37 - root - INFO: - Epoch  300 | Total Loss: 9.06280
2026-03-07 19:13:55 - root - INFO: - ACC:0.45967
2026-03-07 19:13:55 - root - INFO: - NMI:0.40179
2026-03-07 19:13:55 - root - INFO: - ARI:0.30161
2026-03-07 19:13:55 - root - INFO: - Purity:0.52256:
2026-03-07 19:13:55 - root - INFO: - P:0.35587
2026-03-07 19:13:55 - root - INFO: - F1:0.37628
2026-03-07 19:14:00 - root - INFO: - ###################### Start Training The Whole hubREP Model ######################
2026-03-07 19:27:55 - root - INFO: - Epoch   50 | Total Loss: 9.06578
2026-03-07 19:42:02 - root - INFO: - Epoch  100 | Total Loss: 9.06411
2026-03-07 19:55:58 - root - INFO: - Epoch  150 | Total Loss: 9.06347
2026-03-07 20:09:55 - root - INFO: - Epoch  200 | Total Loss: 9.06313
2026-03-07 20:23:59 - root - INFO: - Epoch  250 | Total Loss: 9.06292
2026-03-07 20:38:07 - root - INFO: - Epoch  300 | Total Loss: 9.06280
2026-03-07 20:38:25 - root - INFO: - ACC:0.44044
2026-03-07 20:38:25 - root - INFO: - NMI:0.38853
2026-03-07 20:38:25 - root - INFO: - ARI:0.28910
2026-03-07 20:38:25 - root - INFO: - Purity:0.48711:
2026-03-07 20:38:25 - root - INFO: - P:0.34217
2026-03-07 20:38:25 - root - INFO: - F1:0.36143
2026-03-07 20:38:30 - root - INFO: - ###################### Start Training The Whole hubREP Model ######################
2026-03-07 20:52:27 - root - INFO: - Epoch   50 | Total Loss: 9.06577
2026-03-07 21:06:19 - root - INFO: - Epoch  100 | Total Loss: 9.06411
2026-03-07 21:20:35 - root - INFO: - Epoch  150 | Total Loss: 9.06346
2026-03-07 21:34:41 - root - INFO: - Epoch  200 | Total Loss: 9.06311
2026-03-07 21:49:24 - root - INFO: - Epoch  250 | Total Loss: 9.06291
2026-03-07 22:05:10 - root - INFO: - Epoch  300 | Total Loss: 9.06279
2026-03-07 22:05:30 - root - INFO: - ACC:0.43589
2026-03-07 22:05:30 - root - INFO: - NMI:0.38916
2026-03-07 22:05:30 - root - INFO: - ARI:0.29007
2026-03-07 22:05:30 - root - INFO: - Purity:0.48800:
2026-03-07 22:05:30 - root - INFO: - P:0.34155
2026-03-07 22:05:30 - root - INFO: - F1:0.36204
2026-03-07 22:05:35 - root - INFO: - ###################### Start Training The Whole hubREP Model ######################
2026-03-07 22:20:58 - root - INFO: - Epoch   50 | Total Loss: 9.06578
2026-03-07 22:34:59 - root - INFO: - Epoch  100 | Total Loss: 9.06412
2026-03-07 22:48:52 - root - INFO: - Epoch  150 | Total Loss: 9.06346
2026-03-07 23:02:51 - root - INFO: - Epoch  200 | Total Loss: 9.06312
2026-03-07 23:16:45 - root - INFO: - Epoch  250 | Total Loss: 9.06291
2026-03-07 23:30:47 - root - INFO: - Epoch  300 | Total Loss: 9.06278
2026-03-07 23:31:04 - root - INFO: - ACC:0.39989
2026-03-07 23:31:04 - root - INFO: - NMI:0.38889
2026-03-07 23:31:04 - root - INFO: - ARI:0.27340
2026-03-07 23:31:04 - root - INFO: - Purity:0.49156:
2026-03-07 23:31:04 - root - INFO: - P:0.34226
2026-03-07 23:31:04 - root - INFO: - F1:0.34863
