2026-03-08 14:57:00 - root - INFO: - ###################### Start Training The Whole hubREP Model ######################
2026-03-08 16:18:35 - root - INFO: - Epoch   50 | Total Loss: 9.79818
2026-03-08 17:38:39 - root - INFO: - Epoch  100 | Total Loss: 9.79561
2026-03-08 18:58:10 - root - INFO: - Epoch  150 | Total Loss: 9.79457
2026-03-08 20:17:47 - root - INFO: - Epoch  200 | Total Loss: 9.79415
2026-03-08 21:37:37 - root - INFO: - Epoch  250 | Total Loss: 9.79393
2026-03-08 22:57:45 - root - INFO: - Epoch  300 | Total Loss: 9.79377
2026-03-08 22:59:16 - root - INFO: - ACC:0.18072
2026-03-08 22:59:16 - root - INFO: - NMI:0.00030
2026-03-08 22:59:16 - root - INFO: - ARI:0.00012
2026-03-08 22:59:16 - root - INFO: - Purity:0.32178:
2026-03-08 22:59:16 - root - INFO: - P:0.21415
2026-03-08 22:59:16 - root - INFO: - F1:0.18907
2026-03-08 22:59:16 - root - INFO: - ###################### Start Training The Whole hubREP Model ######################
2026-03-09 00:22:19 - root - INFO: - Epoch   50 | Total Loss: 9.79805
2026-03-09 01:45:05 - root - INFO: - Epoch  100 | Total Loss: 9.79550
2026-03-09 03:09:53 - root - INFO: - Epoch  150 | Total Loss: 9.79454
2026-03-09 04:34:44 - root - INFO: - Epoch  200 | Total Loss: 9.79415
2026-03-09 05:59:37 - root - INFO: - Epoch  250 | Total Loss: 9.79393
2026-03-09 07:24:35 - root - INFO: - Epoch  300 | Total Loss: 9.79379
2026-03-09 07:26:17 - root - INFO: - ACC:0.18286
2026-03-09 07:26:17 - root - INFO: - NMI:0.00024
2026-03-09 07:26:17 - root - INFO: - ARI:0.00006
2026-03-09 07:26:17 - root - INFO: - Purity:0.32178:
2026-03-09 07:26:17 - root - INFO: - P:0.21416
2026-03-09 07:26:17 - root - INFO: - F1:0.19070
2026-03-09 07:26:18 - root - INFO: - ###################### Start Training The Whole hubREP Model ######################
2026-03-09 08:51:06 - root - INFO: - Epoch   50 | Total Loss: 9.79812
2026-03-09 10:15:46 - root - INFO: - Epoch  100 | Total Loss: 9.79557
