2026-03-08 12:50:54 - root - INFO: - ###################### Start Training The Whole hubREP Model ######################
2026-03-08 12:56:34 - root - INFO: - Epoch   50 | Total Loss: 8.66781
2026-03-08 13:02:57 - root - INFO: - Epoch  100 | Total Loss: 8.52692
2026-03-08 13:08:25 - root - INFO: - Epoch  150 | Total Loss: 8.49063
2026-03-08 13:13:25 - root - INFO: - Epoch  200 | Total Loss: 8.47800
2026-03-08 13:17:52 - root - INFO: - Epoch  250 | Total Loss: 8.47420
2026-03-08 13:22:19 - root - INFO: - Epoch  300 | Total Loss: 8.47336
2026-03-08 13:22:23 - root - INFO: - ACC:0.62960
2026-03-08 13:22:23 - root - INFO: - NMI:0.58860
2026-03-08 13:22:23 - root - INFO: - ARI:0.46871
2026-03-08 13:22:23 - root - INFO: - Purity:0.63480:
2026-03-08 13:22:23 - root - INFO: - P:0.51766
2026-03-08 13:22:23 - root - INFO: - F1:0.52925
2026-03-08 13:22:24 - root - INFO: - ###################### Start Training The Whole hubREP Model ######################
2026-03-08 13:26:49 - root - INFO: - Epoch   50 | Total Loss: 8.63743
2026-03-08 13:31:08 - root - INFO: - Epoch  100 | Total Loss: 8.51546
2026-03-08 13:35:02 - root - INFO: - Epoch  150 | Total Loss: 8.48627
2026-03-08 13:39:00 - root - INFO: - Epoch  200 | Total Loss: 8.47555
2026-03-08 13:42:35 - root - INFO: - Epoch  250 | Total Loss: 8.47356
2026-03-08 13:46:27 - root - INFO: - Epoch  300 | Total Loss: 8.47295
2026-03-08 13:46:33 - root - INFO: - ACC:0.67820
2026-03-08 13:46:33 - root - INFO: - NMI:0.63494
2026-03-08 13:46:33 - root - INFO: - ARI:0.52473
2026-03-08 13:46:33 - root - INFO: - Purity:0.68120:
2026-03-08 13:46:33 - root - INFO: - P:0.56306
2026-03-08 13:46:33 - root - INFO: - F1:0.57477
2026-03-08 13:46:33 - root - INFO: - ###################### Start Training The Whole hubREP Model ######################
2026-03-08 13:50:13 - root - INFO: - Epoch   50 | Total Loss: 8.66574
2026-03-08 13:53:41 - root - INFO: - Epoch  100 | Total Loss: 8.52964
2026-03-08 13:57:05 - root - INFO: - Epoch  150 | Total Loss: 8.49331
2026-03-08 14:00:26 - root - INFO: - Epoch  200 | Total Loss: 8.47866
2026-03-08 14:03:52 - root - INFO: - Epoch  250 | Total Loss: 8.47513
2026-03-08 14:07:15 - root - INFO: - Epoch  300 | Total Loss: 8.47417
2026-03-08 14:07:20 - root - INFO: - ACC:0.62280
2026-03-08 14:07:20 - root - INFO: - NMI:0.59346
2026-03-08 14:07:20 - root - INFO: - ARI:0.46943
2026-03-08 14:07:20 - root - INFO: - Purity:0.62860:
2026-03-08 14:07:20 - root - INFO: - P:0.50807
2026-03-08 14:07:20 - root - INFO: - F1:0.52615
2026-03-08 14:07:20 - root - INFO: - ###################### Start Training The Whole hubREP Model ######################
2026-03-08 14:10:50 - root - INFO: - Epoch   50 | Total Loss: 8.62254
2026-03-08 14:14:17 - root - INFO: - Epoch  100 | Total Loss: 8.50974
2026-03-08 14:17:46 - root - INFO: - Epoch  150 | Total Loss: 8.48821
2026-03-08 14:21:14 - root - INFO: - Epoch  200 | Total Loss: 8.47678
2026-03-08 14:24:43 - root - INFO: - Epoch  250 | Total Loss: 8.47413
2026-03-08 14:28:12 - root - INFO: - Epoch  300 | Total Loss: 8.47337
2026-03-08 14:28:18 - root - INFO: - ACC:0.57400
2026-03-08 14:28:18 - root - INFO: - NMI:0.55910
2026-03-08 14:28:18 - root - INFO: - ARI:0.39415
2026-03-08 14:28:18 - root - INFO: - Purity:0.58160:
2026-03-08 14:28:18 - root - INFO: - P:0.45580
2026-03-08 14:28:18 - root - INFO: - F1:0.46351
2026-03-08 14:28:18 - root - INFO: - ###################### Start Training The Whole hubREP Model ######################
2026-03-08 14:31:48 - root - INFO: - Epoch   50 | Total Loss: 8.67008
2026-03-08 14:35:14 - root - INFO: - Epoch  100 | Total Loss: 8.51823
2026-03-08 14:38:38 - root - INFO: - Epoch  150 | Total Loss: 8.48637
2026-03-08 14:42:04 - root - INFO: - Epoch  200 | Total Loss: 8.47632
2026-03-08 14:45:31 - root - INFO: - Epoch  250 | Total Loss: 8.47373
2026-03-08 14:48:57 - root - INFO: - Epoch  300 | Total Loss: 8.47296
2026-03-08 14:49:02 - root - INFO: - ACC:0.61220
2026-03-08 14:49:02 - root - INFO: - NMI:0.61362
2026-03-08 14:49:02 - root - INFO: - ARI:0.46991
2026-03-08 14:49:02 - root - INFO: - Purity:0.62840:
2026-03-08 14:49:02 - root - INFO: - P:0.52104
2026-03-08 14:49:02 - root - INFO: - F1:0.53820
