2026-03-08 14:56:28 - root - INFO: - ###################### Start Training The Whole hubREP Model ######################
2026-03-08 15:00:47 - root - INFO: - Epoch   50 | Total Loss: 8.66781
2026-03-08 15:04:48 - root - INFO: - Epoch  100 | Total Loss: 8.52692
2026-03-08 15:09:18 - root - INFO: - Epoch  150 | Total Loss: 8.49063
2026-03-08 15:13:56 - root - INFO: - Epoch  200 | Total Loss: 8.47800
2026-03-08 15:18:50 - root - INFO: - Epoch  250 | Total Loss: 8.47420
2026-03-08 15:23:34 - root - INFO: - Epoch  300 | Total Loss: 8.47336
2026-03-08 15:23:42 - root - INFO: - ACC:0.62960
2026-03-08 15:23:42 - root - INFO: - NMI:0.58860
2026-03-08 15:23:42 - root - INFO: - ARI:0.46871
2026-03-08 15:23:42 - root - INFO: - Purity:0.63480:
2026-03-08 15:23:42 - root - INFO: - P:0.51766
2026-03-08 15:23:42 - root - INFO: - F1:0.52925
2026-03-08 15:23:43 - root - INFO: - ###################### Start Training The Whole hubREP Model ######################
2026-03-08 15:28:19 - root - INFO: - Epoch   50 | Total Loss: 8.63743
2026-03-08 15:32:50 - root - INFO: - Epoch  100 | Total Loss: 8.51546
2026-03-08 15:37:18 - root - INFO: - Epoch  150 | Total Loss: 8.48627
2026-03-08 15:41:39 - root - INFO: - Epoch  200 | Total Loss: 8.47555
2026-03-08 15:46:09 - root - INFO: - Epoch  250 | Total Loss: 8.47356
2026-03-08 15:50:32 - root - INFO: - Epoch  300 | Total Loss: 8.47295
2026-03-08 15:50:41 - root - INFO: - ACC:0.67820
2026-03-08 15:50:41 - root - INFO: - NMI:0.63494
2026-03-08 15:50:41 - root - INFO: - ARI:0.52473
2026-03-08 15:50:41 - root - INFO: - Purity:0.68120:
2026-03-08 15:50:41 - root - INFO: - P:0.56306
2026-03-08 15:50:41 - root - INFO: - F1:0.57477
2026-03-08 15:50:41 - root - INFO: - ###################### Start Training The Whole hubREP Model ######################
2026-03-08 15:55:07 - root - INFO: - Epoch   50 | Total Loss: 8.66574
2026-03-08 15:59:23 - root - INFO: - Epoch  100 | Total Loss: 8.52964
2026-03-08 16:04:00 - root - INFO: - Epoch  150 | Total Loss: 8.49331
2026-03-08 16:08:02 - root - INFO: - Epoch  200 | Total Loss: 8.47866
2026-03-08 16:12:01 - root - INFO: - Epoch  250 | Total Loss: 8.47513
2026-03-08 16:16:04 - root - INFO: - Epoch  300 | Total Loss: 8.47417
2026-03-08 16:16:09 - root - INFO: - ACC:0.62280
2026-03-08 16:16:09 - root - INFO: - NMI:0.59346
2026-03-08 16:16:09 - root - INFO: - ARI:0.46943
2026-03-08 16:16:09 - root - INFO: - Purity:0.62860:
2026-03-08 16:16:09 - root - INFO: - P:0.50807
2026-03-08 16:16:09 - root - INFO: - F1:0.52615
2026-03-08 16:16:10 - root - INFO: - ###################### Start Training The Whole hubREP Model ######################
2026-03-08 16:20:13 - root - INFO: - Epoch   50 | Total Loss: 8.62254
2026-03-08 16:24:16 - root - INFO: - Epoch  100 | Total Loss: 8.50974
2026-03-08 16:28:17 - root - INFO: - Epoch  150 | Total Loss: 8.48821
2026-03-08 16:32:18 - root - INFO: - Epoch  200 | Total Loss: 8.47678
2026-03-08 16:36:26 - root - INFO: - Epoch  250 | Total Loss: 8.47413
2026-03-08 16:40:31 - root - INFO: - Epoch  300 | Total Loss: 8.47337
2026-03-08 16:40:38 - root - INFO: - ACC:0.57400
2026-03-08 16:40:38 - root - INFO: - NMI:0.55910
2026-03-08 16:40:38 - root - INFO: - ARI:0.39415
2026-03-08 16:40:38 - root - INFO: - Purity:0.58160:
2026-03-08 16:40:38 - root - INFO: - P:0.45580
2026-03-08 16:40:38 - root - INFO: - F1:0.46351
2026-03-08 16:40:39 - root - INFO: - ###################### Start Training The Whole hubREP Model ######################
2026-03-08 16:44:39 - root - INFO: - Epoch   50 | Total Loss: 8.67008
2026-03-08 16:48:39 - root - INFO: - Epoch  100 | Total Loss: 8.51823
2026-03-08 16:52:40 - root - INFO: - Epoch  150 | Total Loss: 8.48637
2026-03-08 16:56:44 - root - INFO: - Epoch  200 | Total Loss: 8.47632
2026-03-08 17:00:49 - root - INFO: - Epoch  250 | Total Loss: 8.47373
2026-03-08 17:04:53 - root - INFO: - Epoch  300 | Total Loss: 8.47296
2026-03-08 17:05:01 - root - INFO: - ACC:0.61220
2026-03-08 17:05:01 - root - INFO: - NMI:0.61362
2026-03-08 17:05:01 - root - INFO: - ARI:0.46991
2026-03-08 17:05:01 - root - INFO: - Purity:0.62840:
2026-03-08 17:05:01 - root - INFO: - P:0.52104
2026-03-08 17:05:01 - root - INFO: - F1:0.53820
